<?xml version="1.0" encoding="UTF-8"?>
<testng-results skipped="0" failed="0" ignored="0" total="1" passed="1">
  <reporter-output>
  </reporter-output>
  <suite name="Default suite" duration-ms="11402" started-at="2024-01-16T11:24:34 IST" finished-at="2024-01-16T11:24:45 IST">
    <groups>
      <group name="cucumber">
        <method signature="AbstractTestNGCucumberTests.runScenario(io.cucumber.testng.PickleWrapper, io.cucumber.testng.FeatureWrapper)[pri:0, instance:runner.TestRunner@76a3e297]" name="runScenario" class="io.cucumber.testng.AbstractTestNGCucumberTests"/>
      </group> <!-- cucumber -->
    </groups>
    <test name="Default test" duration-ms="11402" started-at="2024-01-16T11:24:34 IST" finished-at="2024-01-16T11:24:45 IST">
      <class name="runner.TestRunner">
        <test-method status="PASS" signature="setUpClass()[pri:0, instance:runner.TestRunner@76a3e297]" name="setUpClass" is-config="true" duration-ms="458" started-at="2024-01-16T11:24:34 IST" finished-at="2024-01-16T11:24:34 IST">
          <reporter-output>
          </reporter-output>
        </test-method> <!-- setUpClass -->
        <test-method status="PASS" signature="runScenario(io.cucumber.testng.PickleWrapper, io.cucumber.testng.FeatureWrapper)[pri:0, instance:runner.TestRunner@76a3e297]" name="runScenario" duration-ms="8816" started-at="2024-01-16T11:24:34 IST" description="Runs Cucumber Scenarios" data-provider="scenarios" finished-at="2024-01-16T11:24:43 IST">
          <params>
            <param index="0">
              <value>
                <![CDATA["Login the page"]]>
              </value>
            </param>
            <param index="1">
              <value>
                <![CDATA["Optional[Login]"]]>
              </value>
            </param>
          </params>
          <reporter-output>
          </reporter-output>
        </test-method> <!-- runScenario -->
        <test-method status="PASS" signature="tearDownClass()[pri:0, instance:runner.TestRunner@76a3e297]" name="tearDownClass" is-config="true" duration-ms="2097" started-at="2024-01-16T11:24:43 IST" finished-at="2024-01-16T11:24:45 IST">
          <reporter-output>
          </reporter-output>
        </test-method> <!-- tearDownClass -->
      </class> <!-- runner.TestRunner -->
    </test> <!-- Default test -->
  </suite> <!-- Default suite -->
</testng-results>
